<?xml version="1.0" encoding="UTF-8"?>
<testng-results ignored="0" total="1" passed="1" failed="0" skipped="0">
  <reporter-output>
  </reporter-output>
  <suite started-at="2020-10-16T14:14:00 IST" name="Default suite" finished-at="2020-10-16T14:14:37 IST" duration-ms="36431">
    <groups>
    </groups>
    <test started-at="2020-10-16T14:14:00 IST" name="Default test" finished-at="2020-10-16T14:14:37 IST" duration-ms="36431">
      <class name="TestPack.NewTest_3">
        <test-method signature="f()[pri:0, instance:TestPack.NewTest_3@7c83dc97]" started-at="2020-10-16T14:14:00 IST" name="f" finished-at="2020-10-16T14:14:37 IST" duration-ms="36341" status="PASS">
          <reporter-output>
          </reporter-output>
        </test-method> <!-- f -->
      </class> <!-- TestPack.NewTest_3 -->
    </test> <!-- Default test -->
  </suite> <!-- Default suite -->
</testng-results>
